
[2018-05-18 20:30:45,881,INFO] API_Automation_Framework.TestMethods.PlaceDetails.SetUpForPlaceDetails(): Rest client setup completed with BaseHost= maps.googleapis.com 
 BaseUrl=https://maps.googleapis.com/. 
[2018-05-18 20:32:26,505 NonParallelWorker,INFO] API_Automation_Framework.TestMethods.PlaceDetails.SetUpForPlaceDetails(): Rest client setup completed with BaseHost= maps.googleapis.com 
 BaseUrl=https://maps.googleapis.com/. 
[2018-05-18 20:32:38,048 NonParallelWorker INFO] API_Automation_Framework.TestMethods.PlaceDetails.SetUpForPlaceDetails(): Rest client setup completed with BaseHost= maps.googleapis.com 
 BaseUrl=https://maps.googleapis.com/. 
[2018-05-18 20:33:35,345 API_Automation_Framework.TestMethods.PlaceDetails INFO] API_Automation_Framework.TestMethods.PlaceDetails.SetUpForPlaceDetails(): Rest client setup completed with BaseHost= maps.googleapis.com 
 BaseUrl=https://maps.googleapis.com/. 
[2018-05-18 20:34:21,564*INFO] API_Automation_Framework.TestResources.PlaceSearch.NearBySearchResource.Requesting Request Token. 
[2018-05-18 20:34:21,575*INFO] API_Automation_Framework.TestResources.PlaceSearch.NearBySearchResource.Acquiring Access Token. 
[2018-05-18 20:34:21,575*DEBUG] API_Automation_Framework.TestResources.PlaceSearch.NearBySearchResource.Acquired Access TokenAIzaSyC_AE7xCmkCY2WR_6Sk9-E699tGJijiax4. 
[2018-05-18 20:36:31,811*INFO] API_Automation_Framework.TestMethods.PlaceDetails.SetUpForPlaceDetails(): Rest client setup completed with BaseHost= maps.googleapis.com 
 BaseUrl=https://maps.googleapis.com/. 
[2018-05-18 20:36:38,827*INFO] API_Automation_Framework.TestResources.PlaceSearch.NearBySearchResource.Requesting Request Token. 
[2018-05-18 20:36:38,838*INFO] API_Automation_Framework.TestResources.PlaceSearch.NearBySearchResource.Acquiring Access Token. 
[2018-05-18 20:36:38,838*DEBUG] API_Automation_Framework.TestResources.PlaceSearch.NearBySearchResource.Acquired Access Token = AIzaSyC_AE7xCmkCY2WR_6Sk9-E699tGJijiax4. 
[2018-05-18 20:36:51,459*INFO] API_Automation_Framework.TestResources.PlaceSearch.NearBySearchResource.Requesting Request Token. 
[2018-05-18 20:36:51,471*INFO] API_Automation_Framework.TestResources.PlaceSearch.NearBySearchResource.Acquiring Access Token. 
[2018-05-18 20:36:51,472*DEBUG] API_Automation_Framework.TestResources.PlaceSearch.NearBySearchResource.Acquired Access Token = AIzaSyC_AE7xCmkCY2WR_6Sk9-E699tGJijiax4. 
[2018-05-18 20:37:14,493*INFO] API_Automation_Framework.TestMethods.PlaceDetails.SetUpForPlaceDetails(): Rest client setup completed with BaseHost= maps.googleapis.com 
 BaseUrl=https://maps.googleapis.com/. 
[2018-05-18 20:37:16,410*INFO] API_Automation_Framework.TestResources.PlaceSearch.NearBySearchResource.Requesting Request Token. 
[2018-05-18 20:37:16,410*INFO] API_Automation_Framework.TestResources.PlaceSearch.NearBySearchResource.Acquiring Access Token. 
[2018-05-18 20:37:16,410*DEBUG] API_Automation_Framework.TestResources.PlaceSearch.NearBySearchResource.Acquired Access Token = AIzaSyC_AE7xCmkCY2WR_6Sk9-E699tGJijiax4. 
[2018-05-19 11:20:01,044*INFO] API_Automation_Framework.TestMethods.PlaceDetails.SetUpForPlaceDetails(): Rest client setup completed with BaseHost= maps.googleapis.com 
 BaseUrl=https://maps.googleapis.com/. 
[2018-05-19 11:20:06,869*INFO] API_Automation_Framework.TestResources.PlaceSearch.NearBySearchResource.Requesting Request Token. 
[2018-05-19 11:20:06,869*INFO] API_Automation_Framework.TestResources.PlaceSearch.NearBySearchResource.Acquiring Access Token. 
[2018-05-19 11:20:06,869*DEBUG] API_Automation_Framework.TestResources.PlaceSearch.NearBySearchResource.Acquired Access Token = AIzaSyC_AE7xCmkCY2WR_6Sk9-E699tGJijiax4. 
[2018-05-19 11:42:52,981*INFO] API_Automation_Framework.TestMethods.PlaceDetails.SetUpForPlaceDetails(): Rest client setup completed with BaseHost= maps.googleapis.com 
 BaseUrl=https://maps.googleapis.com/. 
[2018-05-19 11:42:54,843*INFO] API_Automation_Framework.TestResources.PlaceSearch.NearBySearchResource.Requesting Request Token. 
[2018-05-19 11:42:54,843*INFO] API_Automation_Framework.TestResources.PlaceSearch.NearBySearchResource.Acquiring Access Token. 
[2018-05-19 11:42:54,844*DEBUG] API_Automation_Framework.TestResources.PlaceSearch.NearBySearchResource.Acquired Access Token = AIzaSyC_AE7xCmkCY2WR_6Sk9-E699tGJijiax4. 
[2018-05-20 13:17:40,025*INFO] API_Automation_Framework.TestMethods.PlaceDetails.SetUpForPlaceDetails(): Rest client setup completed with BaseHost= maps.googleapis.com 
 BaseUrl=https://maps.googleapis.com/. 
[2018-05-20 13:17:41,881*INFO] API_Automation_Framework.TestResources.PlaceSearch.NearBySearchResource.Requesting Request Token. 
[2018-05-20 13:17:41,881*INFO] API_Automation_Framework.TestResources.PlaceSearch.NearBySearchResource.Acquiring Access Token. 
[2018-05-20 13:17:41,881*DEBUG] API_Automation_Framework.TestResources.PlaceSearch.NearBySearchResource.Acquired Access Token = AIzaSyC_AE7xCmkCY2WR_6Sk9-E699tGJijiax4. 
[2018-05-24 11:35:37,658*INFO] API_Automation_Framework.TestMethods.PlaceDetails.SetUpForPlaceDetails(): Rest client setup completed with BaseHost= maps.googleapis.com 
 BaseUrl=https://maps.googleapis.com/. 
[2018-05-24 11:35:39,626*INFO] API_Automation_Framework.TestResources.PlaceSearch.NearBySearchResource.Requesting Request Token. 
[2018-05-24 11:35:39,626*INFO] API_Automation_Framework.TestResources.PlaceSearch.NearBySearchResource.Acquiring Access Token. 
[2018-05-24 11:35:39,626*DEBUG] API_Automation_Framework.TestResources.PlaceSearch.NearBySearchResource.Acquired Access Token = AIzaSyC_AE7xCmkCY2WR_6Sk9-E699tGJijiax4. 
[2018-05-24 21:21:31,034*INFO] API_Automation_Framework.TestMethods.PlaceDetails.SetUpForPlaceDetails(): Rest client setup completed with BaseHost= maps.googleapis.com 
 BaseUrl=https://maps.googleapis.com/. 
[2018-05-24 21:21:33,244*INFO] API_Automation_Framework.TestResources.PlaceSearch.NearBySearchResource.Requesting Request Token. 
[2018-05-24 21:21:33,245*INFO] API_Automation_Framework.TestResources.PlaceSearch.NearBySearchResource.Acquiring Access Token. 
[2018-05-24 21:21:33,245*DEBUG] API_Automation_Framework.TestResources.PlaceSearch.NearBySearchResource.Acquired Access Token = AIzaSyC_AE7xCmkCY2WR_6Sk9-E699tGJijiax4. 
[2018-05-26 09:48:03,779*INFO] API_Automation_Framework.TestMethods.PlaceDetails.SetUpForPlaceDetails(): Rest client setup completed with BaseHost= maps.googleapis.com 
 BaseUrl=https://maps.googleapis.com/. 
[2018-05-26 09:48:06,270*INFO] API_Automation_Framework.TestResources.PlaceSearch.NearBySearchResource.Requesting Request Token. 
[2018-05-26 09:48:06,270*INFO] API_Automation_Framework.TestResources.PlaceSearch.NearBySearchResource.Acquiring Access Token. 
[2018-05-26 09:48:06,270*DEBUG] API_Automation_Framework.TestResources.PlaceSearch.NearBySearchResource.Acquired Access Token = AIzaSyC_AE7xCmkCY2WR_6Sk9-E699tGJijiax4. 
[2018-05-26 10:34:49,964*INFO] API_Automation_Framework.TestMethods.PlaceDetails.SetUpForPlaceDetails(): Rest client setup completed with BaseHost= maps.googleapis.com 
 BaseUrl=https://maps.googleapis.com/. 
[2018-05-26 10:34:51,813*INFO] API_Automation_Framework.TestResources.PlaceSearch.NearBySearchResource.Requesting Request Token. 
[2018-05-26 10:34:51,813*INFO] API_Automation_Framework.TestResources.PlaceSearch.NearBySearchResource.Acquiring Access Token. 
[2018-05-26 10:34:51,813*DEBUG] API_Automation_Framework.TestResources.PlaceSearch.NearBySearchResource.Acquired Access Token = AIzaSyC_AE7xCmkCY2WR_6Sk9-E699tGJijiax4. 
[2018-05-26 10:48:30,087*INFO] API_Automation_Framework.TestMethods.PlaceDetails.SetUpForPlaceDetails(): Rest client setup completed with BaseHost= maps.googleapis.com 
 BaseUrl=https://maps.googleapis.com/. 
[2018-05-26 10:59:33,817*INFO] API_Automation_Framework.TestMethods.PlaceDetails.SetUpForPlaceDetails(): Rest client setup completed with BaseHost= maps.googleapis.com 
 BaseUrl=https://maps.googleapis.com/. 
[2018-05-27 11:50:27,112*INFO] API_Automation_Framework.TestMethods.PlaceDetails.SetUpForPlaceDetails(): Rest client setup completed with BaseHost= maps.googleapis.com 
 BaseUrl=https://maps.googleapis.com/. 
[2018-05-27 11:50:32,799*INFO] API_Automation_Framework.TestResources.PlaceSearch.NearBySearchResource.Requesting Request Token. 
[2018-05-27 11:50:32,799*INFO] API_Automation_Framework.TestResources.PlaceSearch.NearBySearchResource.Acquiring Access Token. 
[2018-05-27 11:50:32,799*DEBUG] API_Automation_Framework.TestResources.PlaceSearch.NearBySearchResource.Acquired Access Token = AIzaSyC_AE7xCmkCY2WR_6Sk9-E699tGJijiax4. 
